Performing C++ SOURCE FILE Test COMPILER_HAS_DEPRECATED_ATTR failed with the following output:
Change Dir: C:/projects/CProjects/welkin/build/CMakeFiles/CMakeTmp

Run Build Command(s):C:/softwares/VisualStudio/VS2019/MSBuild/Current/Bin/MSBuild.exe cmTC_1b9bc.vcxproj /p:Configuration=Debug /p:Platform=x64 /p:VisualStudioVersion=16.0 /v:m && 用于 .NET Framework 的 Microsoft (R) 生成引擎版本 16.9.0+57a23d249
版权所有(C) Microsoft Corporation。保留所有权利。

  Microsoft (R) C/C++ Optimizing Compiler Version 19.28.29913 for x64
  Copyright (C) Microsoft Corporation.  All rights reserved.
  src.cxx
  cl /c /Zi /W4 /WX- /diagnostics:column /Od /Ob0 /D WIN32 /D _WINDOWS /D COMPILER_HAS_DEPRECATED_ATTR /D "CMAKE_INTDIR=\"Debug\"" /D _MBCS /Gm- /EHsc /RTC1 /MDd /GS /fp:precise /Zc:wchar_t /Zc:forScope /Zc:inline /GR /Fo"cmTC_1b9bc.dir\Debug\\" /Fd"cmTC_1b9bc.dir\Debug\vc142.pdb" /Gd /TP /errorReport:queue C:\projects\CProjects\welkin\build\CMakeFiles\CMakeTmp\src.cxx
C:\projects\CProjects\welkin\build\CMakeFiles\CMakeTmp\src.cxx(1,16): error C2065: '__deprecated__': undeclared identifier [C:\projects\CProjects\welkin\build\CMakeFiles\CMakeTmp\cmTC_1b9bc.vcxproj]
C:\projects\CProjects\welkin\build\CMakeFiles\CMakeTmp\src.cxx(1,31): error C4430: missing type specifier - int assumed. Note: C++ does not support default-int [C:\projects\CProjects\welkin\build\CMakeFiles\CMakeTmp\cmTC_1b9bc.vcxproj]
C:\projects\CProjects\welkin\build\CMakeFiles\CMakeTmp\src.cxx(1,37): error C2448: '__attribute__': function-style initializer appears to be a function definition [C:\projects\CProjects\welkin\build\CMakeFiles\CMakeTmp\cmTC_1b9bc.vcxproj]


Source file was:
__attribute__((__deprecated__)) int somefunc() { return 0; }
    int main() { return somefunc();}
Determining if the include file pthread.h exists failed with the following output:
Change Dir: C:/projects/CProjects/welkin/build/CMakeFiles/CMakeTmp

Run Build Command(s):C:/softwares/VisualStudio/VS2019/MSBuild/Current/Bin/MSBuild.exe cmTC_c893c.vcxproj /p:Configuration=Debug /p:Platform=x64 /p:VisualStudioVersion=16.0 /v:m && 用于 .NET Framework 的 Microsoft (R) 生成引擎版本 16.9.0+57a23d249
版权所有(C) Microsoft Corporation。保留所有权利。

  Microsoft (R) C/C++ Optimizing Compiler Version 19.28.29913 for x64
  Copyright (C) Microsoft Corporation.  All rights reserved.
  CheckIncludeFile.c
  cl /c /Zi /W3 /WX- /diagnostics:column /Od /Ob0 /D WIN32 /D _WINDOWS /D "CMAKE_INTDIR=\"Debug\"" /D _MBCS /Gm- /RTC1 /MDd /GS /fp:precise /Zc:wchar_t /Zc:forScope /Zc:inline /Fo"cmTC_c893c.dir\Debug\\" /Fd"cmTC_c893c.dir\Debug\vc142.pdb" /Gd /TC /errorReport:queue C:\projects\CProjects\welkin\build\CMakeFiles\CMakeTmp\CheckIncludeFile.c
C:\projects\CProjects\welkin\build\CMakeFiles\CMakeTmp\CheckIncludeFile.c(1,10): fatal error C1083: Cannot open include file: 'pthread.h': No such file or directory [C:\projects\CProjects\welkin\build\CMakeFiles\CMakeTmp\cmTC_c893c.vcxproj]



